<?xml version="1.0" encoding="UTF-8"?>
<!-- Generated by org.testng.reporters.JUnitReportReporter -->
<testsuite hostname="LTIN521007" failures="0" tests="1" name="week4_chapter15.testcases.Task05" time="41.316" errors="0" timestamp="2025-03-25T15:58:48 IST" skipped="0">
  <testcase classname="week4_chapter15.testcases.Task05" name="flightDetails" time="41.316"/>
  <system-out/>
</testsuite> <!-- week4_chapter15.testcases.Task05 -->
