<?xml version="1.0" encoding="UTF-8"?>
<!-- Generated by org.testng.reporters.JUnitReportReporter -->
<testsuite hostname="LTIN521007" failures="0" tests="1" name="testCases.TestGoogleSearchPage" time="3.781" errors="0" timestamp="2025-02-25T18:07:53 IST" skipped="0">
  <testcase classname="testCases.TestGoogleSearchPage" name="testGoogleSearchPage" time="3.781"/>
  <system-out/>
</testsuite> <!-- testCases.TestGoogleSearchPage -->
