<?xml version="1.0" encoding="UTF-8"?>
<!-- Generated by org.testng.reporters.JUnitReportReporter -->
<testsuite hostname="LTIN521007" failures="0" tests="4" name="week3_chapter13.Task10" time="43.240" errors="0" timestamp="2025-03-12T11:52:15 IST" skipped="0">
  <testcase classname="week3_chapter13.Task10" name="testGoogle" time="5.446"/>
  <system-out/>
  <testcase classname="week3_chapter13.Task10" name="testOrangeHRM" time="11.258"/>
  <system-out/>
  <testcase classname="week3_chapter13.Task10" name="testOrangeHRM" time="9.021"/>
  <system-out/>
  <testcase classname="week3_chapter13.Task10" name="testGoogle" time="17.515"/>
  <system-out/>
</testsuite> <!-- week3_chapter13.Task10 -->
