<?xml version="1.0" encoding="UTF-8"?>
<!-- Generated by org.testng.reporters.JUnitReportReporter -->
<testsuite hostname="LTIN521007" failures="0" tests="2" name="week4_chapter15.testcases.Task09" time="101.929" errors="0" timestamp="2025-03-25T16:15:29 IST" skipped="0">
  <testcase classname="week4_chapter15.testcases.Task09" name="flightDetails" time="53.394"/>
  <system-out/>
  <testcase classname="week4_chapter15.testcases.Task09" name="flightDetails" time="48.535"/>
  <system-out/>
</testsuite> <!-- week4_chapter15.testcases.Task09 -->
