<?xml version="1.0" encoding="UTF-8"?>
<!-- Generated by org.testng.reporters.JUnitReportReporter -->
<testsuite hostname="LTIN521007" failures="0" tests="1" name="week4_chapter12.Task05" time="6.452" errors="0" timestamp="2025-03-25T16:51:22 IST" skipped="0">
  <testcase classname="week4_chapter12.Task05" name="alert" time="6.452"/>
  <system-out/>
</testsuite> <!-- week4_chapter12.Task05 -->
