<?xml version="1.0" encoding="UTF-8"?>
<!-- Generated by org.testng.reporters.JUnitReportReporter -->
<testsuite hostname="LTIN521007" failures="0" tests="1" name="week4_chapter15.testcases.Task06" time="35.221" errors="0" timestamp="2025-03-25T16:07:57 IST" skipped="0">
  <testcase classname="week4_chapter15.testcases.Task06" name="flightDetails" time="35.221"/>
  <system-out/>
</testsuite> <!-- week4_chapter15.testcases.Task06 -->
