<?xml version="1.0" encoding="UTF-8"?>
<!-- Generated by org.testng.reporters.JUnitReportReporter -->
<testsuite hostname="LTIN521007" failures="0" tests="1" name="week3_chapter13.Task11" time="4.436" errors="0" timestamp="2025-03-12T15:35:38 IST" skipped="0">
  <testcase classname="week3_chapter13.Task11" name="verifyTitle" time="4.436"/>
  <system-out/>
</testsuite> <!-- week3_chapter13.Task11 -->
