<?xml version="1.0" encoding="UTF-8"?>
<!-- Generated by org.testng.reporters.JUnitReportReporter -->
<testsuite hostname="LTIN521007" failures="0" tests="1" name="week3_chapter13.Task04" time="0.661" errors="0" timestamp="2025-03-12T15:26:15 IST" skipped="0">
  <testcase classname="week3_chapter13.Task04" name="testInterest1" time="0.661"/>
  <system-out/>
</testsuite> <!-- week3_chapter13.Task04 -->
