<?xml version="1.0" encoding="UTF-8"?>
<!-- Generated by org.testng.reporters.JUnitReportReporter -->
<testsuite hostname="LTIN521007" failures="0" tests="2" name="week3_chapter13.Task06" time="12.891" errors="0" timestamp="2025-03-12T10:44:19 IST" skipped="0">
  <testcase classname="week3_chapter13.Task06" name="loginUser" time="7.882"/>
  <system-out/>
  <testcase classname="week3_chapter13.Task06" name="logoutUser" time="5.009"/>
  <system-out/>
</testsuite> <!-- week3_chapter13.Task06 -->
