<?xml version="1.0" encoding="UTF-8"?>
<!-- Generated by org.testng.reporters.JUnitReportReporter -->
<testsuite hostname="LTIN521007" failures="0" tests="2" name="week4_chapter15.testcases.Task08" time="87.478" errors="0" timestamp="2025-03-25T16:12:21 IST" skipped="0">
  <testcase classname="week4_chapter15.testcases.Task08" name="flightDetails" time="44.275"/>
  <system-out/>
  <testcase classname="week4_chapter15.testcases.Task08" name="flightDetails" time="43.203"/>
  <system-out/>
</testsuite> <!-- week4_chapter15.testcases.Task08 -->
