<?xml version="1.0" encoding="UTF-8"?>
<!-- Generated by org.testng.reporters.JUnitReportReporter -->
<testsuite hostname="LTIN521007" failures="0" tests="1" name="week3_chapter13.Task03" time="0.014" errors="0" timestamp="2025-03-12T15:25:31 IST" skipped="0">
  <testcase classname="week3_chapter13.Task03" name="getTitle" time="0.014"/>
  <system-out/>
</testsuite> <!-- week3_chapter13.Task03 -->
