<?xml version="1.0" encoding="UTF-8"?>
<!-- Generated by org.testng.reporters.JUnitReportReporter -->
<testsuite hostname="LTIN521007" failures="0" tests="4" name="testCases.OrangeHRM" time="34.889" errors="0" timestamp="2025-03-10T13:03:07 IST" skipped="0">
  <testcase classname="testCases.OrangeHRM" name="loginTest" time="4.851"/>
  <system-out/>
  <testcase classname="testCases.OrangeHRM" name="clickPIMLinkTest" time="3.076"/>
  <system-out/>
  <testcase classname="testCases.OrangeHRM" name="validateSearchButtonTest" time="0.844"/>
  <system-out/>
  <testcase classname="testCases.OrangeHRM" name="fillEmployeeInformationAndSearchTest" time="26.118"/>
  <system-out/>
</testsuite> <!-- testCases.OrangeHRM -->
