<?xml version="1.0" encoding="UTF-8"?>
<!-- Generated by org.testng.reporters.JUnitReportReporter -->
<testsuite hostname="LTIN521007" failures="0" tests="1" name="week3_chapter13.Task01" time="2.607" errors="0" timestamp="2025-03-12T14:01:19 IST" skipped="0">
  <testcase classname="week3_chapter13.Task01" name="testTask01" time="2.607"/>
  <system-out/>
</testsuite> <!-- week3_chapter13.Task01 -->
