<?xml version="1.0" encoding="UTF-8"?>
<!-- Generated by org.testng.reporters.JUnitReportReporter -->
<testsuite hostname="LTIN521007" failures="0" tests="3" name="week4_chapter15.handson10_11_12.mainModule" time="142.270" errors="0" timestamp="2025-03-25T16:34:30 IST" skipped="0">
  <testcase classname="week4_chapter15.handson10_11_12.mainModule" name="SpicejetDetails" time="47.325"/>
  <system-out/>
  <testcase classname="week4_chapter15.handson10_11_12.mainModule" name="IndigoDetails" time="46.198"/>
  <system-out/>
  <testcase classname="week4_chapter15.handson10_11_12.mainModule" name="AkasaDetails" time="48.747"/>
  <system-out/>
</testsuite> <!-- week4_chapter15.handson10_11_12.mainModule -->
