<?xml version="1.0" encoding="UTF-8"?>
<!-- Generated by org.testng.reporters.JUnitReportReporter -->
<testsuite hostname="LTIN521007" failures="0" tests="4" name="week3_chapter13.Task10" time="12.774" errors="0" timestamp="2025-03-12T15:34:29 IST" skipped="0">
  <testcase classname="week3_chapter13.Task10" name="testOrangeHRM" time="0.001"/>
  <system-out/>
  <testcase classname="week3_chapter13.Task10" name="testOrangeHRM" time="4.471"/>
  <system-out/>
  <testcase classname="week3_chapter13.Task10" name="testGoogle" time="0.006"/>
  <system-out/>
  <testcase classname="week3_chapter13.Task10" name="testGoogle" time="8.296"/>
  <system-out/>
</testsuite> <!-- week3_chapter13.Task10 -->
