<?xml version="1.0" encoding="UTF-8"?>
<!-- Generated by org.testng.reporters.JUnitReportReporter -->
<testsuite hostname="LTIN521007" failures="0" tests="1" name="week3_chapter13.Task13" time="3.556" errors="0" timestamp="2025-03-12T15:38:34 IST" skipped="0">
  <testcase classname="week3_chapter13.Task13" name="testLogin" time="3.556"/>
  <system-out/>
</testsuite> <!-- week3_chapter13.Task13 -->
