<?xml version="1.0" encoding="UTF-8"?>
<!-- Generated by org.testng.reporters.JUnitReportReporter -->
<testsuite hostname="LTIN521007" failures="0" tests="3" name="week3_chapter13.Task07" time="4.961" errors="0" timestamp="2025-03-12T10:57:57 IST" skipped="0">
  <testcase classname="week3_chapter13.Task07" name="test_login" time="1.908"/>
  <system-out/>
  <testcase classname="week3_chapter13.Task07" name="test_deposit" time="2.063"/>
  <system-out/>
  <testcase classname="week3_chapter13.Task07" name="test_withdraw" time="0.990"/>
  <system-out/>
</testsuite> <!-- week3_chapter13.Task07 -->
