<?xml version="1.0" encoding="UTF-8"?>
<!-- Generated by org.testng.reporters.JUnitReportReporter -->
<testsuite hostname="LTIN521007" failures="0" tests="1" name="week3_chapter13.Task08" time="1.215" errors="0" timestamp="2025-03-12T15:32:30 IST" skipped="0">
  <testcase classname="week3_chapter13.Task08" name="testLogin" time="1.215"/>
  <system-out/>
</testsuite> <!-- week3_chapter13.Task08 -->
