<?xml version="1.0" encoding="UTF-8"?>
<!-- Generated by org.testng.reporters.JUnitReportReporter -->
<testsuite hostname="LTIN521007" failures="0" tests="4" name="week3_chapter13.Task14" time="6.179" errors="0" timestamp="2025-03-12T12:36:42 IST" skipped="0">
  <testcase classname="week3_chapter13.Task14" name="test_01_middle" time="1.760"/>
  <system-out/>
  <testcase classname="week3_chapter13.Task14" name="test_02_middle" time="1.598"/>
  <system-out/>
  <testcase classname="week3_chapter13.Task14" name="test_03" time="1.346"/>
  <system-out/>
  <testcase classname="week3_chapter13.Task14" name="test_04" time="1.475"/>
  <system-out/>
</testsuite> <!-- week3_chapter13.Task14 -->
