<?xml version="1.0" encoding="UTF-8"?>
<!-- Generated by org.testng.reporters.JUnitReportReporter -->
<testsuite hostname="LTIN521007" failures="0" tests="1" name="week3_chapter13.Task02" time="1.966" errors="0" timestamp="2025-03-12T14:03:32 IST" skipped="0">
  <testcase classname="week3_chapter13.Task02" name="testInterest" time="1.966"/>
  <system-out/>
</testsuite> <!-- week3_chapter13.Task02 -->
