<?xml version="1.0" encoding="UTF-8"?>
<!-- Generated by org.testng.reporters.JUnitReportReporter -->
<testsuite hostname="LTIN521007" failures="0" tests="3" name="week3_chapter13.Task05" time="4.445" errors="0" timestamp="2025-03-12T12:29:42 IST" skipped="0">
  <testcase classname="week3_chapter13.Task05" name="testUser1" time="1.486"/>
  <system-out/>
  <testcase classname="week3_chapter13.Task05" name="testUser2" time="1.463"/>
  <system-out/>
  <testcase classname="week3_chapter13.Task05" name="testUser3" time="1.496"/>
  <system-out/>
</testsuite> <!-- week3_chapter13.Task05 -->
