<?xml version="1.0" encoding="UTF-8"?>
<!-- Generated by org.testng.reporters.JUnitReportReporter -->
<testsuite hostname="LTIN521007" failures="0" tests="3" name="week3_chapter13.Task09" time="40.984" errors="0" timestamp="2025-03-12T11:21:52 IST" skipped="0">
  <testcase classname="week3_chapter13.Task09" name="testLogin" time="17.325"/>
  <system-out/>
  <testcase classname="week3_chapter13.Task09" name="testLogin" time="9.276"/>
  <system-out/>
  <testcase classname="week3_chapter13.Task09" name="testLogin" time="14.383"/>
  <system-out/>
</testsuite> <!-- week3_chapter13.Task09 -->
