<?xml version="1.0" encoding="UTF-8"?>
<!-- Generated by org.testng.reporters.JUnitReportReporter -->
<testsuite hostname="LTIN521007" failures="0" tests="1" name="testCases.TestTruTimePage" time="27.626" errors="0" timestamp="2025-03-03T12:22:30 IST" skipped="0">
  <testcase classname="testCases.TestTruTimePage" name="testGoogleSearchPage" time="27.626"/>
  <system-out/>
</testsuite> <!-- testCases.TestTruTimePage -->
