<?xml version="1.0" encoding="UTF-8"?>
<!-- Generated by org.testng.reporters.JUnitReportReporter -->
<testsuite hostname="LTIN521007" failures="0" tests="2" name="week4_chapter15.testcases.Task01" time="118.922" errors="0" timestamp="2025-03-25T15:45:20 IST" skipped="0">
  <testcase classname="week4_chapter15.testcases.Task01" name="flightDetails" time="58.497"/>
  <system-out/>
  <testcase classname="week4_chapter15.testcases.Task01" name="flightDetails" time="60.425"/>
  <system-out/>
</testsuite> <!-- week4_chapter15.testcases.Task01 -->
