<?xml version="1.0" encoding="UTF-8"?>
<!-- Generated by org.testng.reporters.JUnitReportReporter -->
<testsuite hostname="LTIN521007" failures="0" tests="2" name="week3_chapter13.Task12" time="29.966" errors="0" timestamp="2025-03-12T12:08:12 IST" skipped="0">
  <testcase classname="week3_chapter13.Task12" name="testUser1" time="16.622"/>
  <system-out/>
  <testcase classname="week3_chapter13.Task12" name="testUser2" time="13.344"/>
  <system-out/>
</testsuite> <!-- week3_chapter13.Task12 -->
