<?xml version="1.0" encoding="UTF-8"?>
<!-- Generated by org.testng.reporters.JUnitReportReporter -->
<testsuite hostname="LTIN521007" failures="0" tests="3" name="week3_chapter13.Task07" time="6.762" errors="0" timestamp="2025-03-12T15:30:50 IST" skipped="0">
  <testcase classname="week3_chapter13.Task07" name="testLogin" time="4.203"/>
  <system-out/>
  <testcase classname="week3_chapter13.Task07" name="testDeposit" time="2.094"/>
  <system-out/>
  <testcase classname="week3_chapter13.Task07" name="testWithdraw" time="0.465"/>
  <system-out/>
</testsuite> <!-- week3_chapter13.Task07 -->
