<?xml version="1.0" encoding="UTF-8"?>
<!-- Generated by org.testng.reporters.JUnitReportReporter -->
<testsuite hostname="LTIN521007" failures="0" tests="2" name="week4_chapter15.testcases.Task02" time="128.084" errors="0" timestamp="2025-03-25T16:05:15 IST" skipped="0">
  <testcase classname="week4_chapter15.testcases.Task02" name="flightDetails" time="63.315"/>
  <system-out/>
  <testcase classname="week4_chapter15.testcases.Task02" name="flightDetails" time="64.769"/>
  <system-out/>
</testsuite> <!-- week4_chapter15.testcases.Task02 -->
