<?xml version="1.0" encoding="UTF-8"?>
<!-- Generated by org.testng.reporters.JUnitReportReporter -->
<testsuite hostname="LTIN521007" failures="0" tests="2" name="week3_chapter13.Task06" time="10.714" errors="0" timestamp="2025-03-12T15:27:51 IST" skipped="0">
  <testcase classname="week3_chapter13.Task06" name="loginUser" time="6.891"/>
  <system-out/>
  <testcase classname="week3_chapter13.Task06" name="logoutUser" time="3.823"/>
  <system-out/>
</testsuite> <!-- week3_chapter13.Task06 -->
