<?xml version="1.0" encoding="UTF-8"?>
<!-- Generated by org.testng.reporters.JUnitReportReporter -->
<testsuite hostname="LTIN521007" failures="0" tests="3" name="week3_chapter13.Task09" time="30.237" errors="0" timestamp="2025-03-12T15:33:21 IST" skipped="0">
  <testcase classname="week3_chapter13.Task09" name="testLogin" time="7.216"/>
  <system-out/>
  <testcase classname="week3_chapter13.Task09" name="testLogin" time="9.022"/>
  <system-out/>
  <testcase classname="week3_chapter13.Task09" name="testLogin" time="13.999"/>
  <system-out/>
</testsuite> <!-- week3_chapter13.Task09 -->
