<?xml version="1.0" encoding="UTF-8"?>
<!-- Generated by org.testng.reporters.JUnitReportReporter -->
<testsuite hostname="LTIN521007" failures="0" tests="2" name="week4_chapter15.testcases.Task03" time="127.222" errors="0" timestamp="2025-03-25T15:51:02 IST" skipped="0">
  <testcase classname="week4_chapter15.testcases.Task03" name="flightDetails" time="59.662"/>
  <system-out/>
  <testcase classname="week4_chapter15.testcases.Task03" name="flightDetails" time="67.560"/>
  <system-out/>
</testsuite> <!-- week4_chapter15.testcases.Task03 -->
