<?xml version="1.0" encoding="UTF-8"?>
<!-- Generated by org.testng.reporters.JUnitReportReporter -->
<testsuite hostname="LTIN521007" failures="0" tests="2" name="week4_chapter15.testcases.Task07" time="103.120" errors="0" timestamp="2025-03-25T16:10:13 IST" skipped="0">
  <testcase classname="week4_chapter15.testcases.Task07" name="flightDetails" time="50.456"/>
  <system-out/>
  <testcase classname="week4_chapter15.testcases.Task07" name="flightDetails" time="52.664"/>
  <system-out/>
</testsuite> <!-- week4_chapter15.testcases.Task07 -->
